
**** Build of configuration Debug for project timer_a_ex6_upDownModeOperation ****

"D:\\CCS6.1.0.00104_win32\\CCS\\ccsv6\\utils\\bin\\gmake" -k all 
'Building file: ../timer_a_ex6_upDownModeOperation.c'
'Invoking: MSP430 Compiler'
"D:/CCS6.1.0.00104_win32/CCS/ccsv6/tools/compiler/ti-cgt-msp430_4.4.3/bin/cl430" -vmspx --abi=eabi --data_model=restricted --use_hw_mpy=F5 --include_path="D:/CCS6.1.0.00104_win32/CCS/ccsv6/ccs_base/msp430/include" --include_path="D:/CCS6.1.0.00104_win32/CCS/ccsv6/tools/compiler/ti-cgt-msp430_4.4.3/include" --include_path="D:/CCS6.1.0.00104_win32/workspace/timer_a_ex6_upDownModeOperation/driverlib/MSP430F5xx_6xx" --advice:power="none" -g --define=__MSP430F5529__ --define=DEPRECATED --diag_warning=225 --display_error_number --diag_wrap=off --silicon_errata=CPU21 --silicon_errata=CPU22 --silicon_errata=CPU23 --silicon_errata=CPU40 --printf_support=minimal --preproc_with_compile --preproc_dependency="timer_a_ex6_upDownModeOperation.pp"  "../timer_a_ex6_upDownModeOperation.c"
'Finished building: ../timer_a_ex6_upDownModeOperation.c'
' '
'Building file: ../driverlib/MSP430F5xx_6xx/adc10_a.c'
'Invoking: MSP430 Compiler'
"D:/CCS6.1.0.00104_win32/CCS/ccsv6/tools/compiler/ti-cgt-msp430_4.4.3/bin/cl430" -vmspx --abi=eabi --data_model=restricted --use_hw_mpy=F5 --include_path="D:/CCS6.1.0.00104_win32/CCS/ccsv6/ccs_base/msp430/include" --include_path="D:/CCS6.1.0.00104_win32/CCS/ccsv6/tools/compiler/ti-cgt-msp430_4.4.3/include" --include_path="D:/CCS6.1.0.00104_win32/workspace/timer_a_ex6_upDownModeOperation/driverlib/MSP430F5xx_6xx" --advice:power="none" -g --define=__MSP430F5529__ --define=DEPRECATED --diag_warning=225 --display_error_number --diag_wrap=off --silicon_errata=CPU21 --silicon_errata=CPU22 --silicon_errata=CPU23 --silicon_errata=CPU40 --printf_support=minimal --preproc_with_compile --preproc_dependency="driverlib/MSP430F5xx_6xx/adc10_a.pp" --obj_directory="driverlib/MSP430F5xx_6xx"  "../driverlib/MSP430F5xx_6xx/adc10_a.c"
'Finished building: ../driverlib/MSP430F5xx_6xx/adc10_a.c'
' '
'Building file: ../driverlib/MSP430F5xx_6xx/adc12_a.c'
'Invoking: MSP430 Compiler'
"D:/CCS6.1.0.00104_win32/CCS/ccsv6/tools/compiler/ti-cgt-msp430_4.4.3/bin/cl430" -vmspx --abi=eabi --data_model=restricted --use_hw_mpy=F5 --include_path="D:/CCS6.1.0.00104_win32/CCS/ccsv6/ccs_base/msp430/include" --include_path="D:/CCS6.1.0.00104_win32/CCS/ccsv6/tools/compiler/ti-cgt-msp430_4.4.3/include" --include_path="D:/CCS6.1.0.00104_win32/workspace/timer_a_ex6_upDownModeOperation/driverlib/MSP430F5xx_6xx" --advice:power="none" -g --define=__MSP430F5529__ --define=DEPRECATED --diag_warning=225 --display_error_number --diag_wrap=off --silicon_errata=CPU21 --silicon_errata=CPU22 --silicon_errata=CPU23 --silicon_errata=CPU40 --printf_support=minimal --preproc_with_compile --preproc_dependency="driverlib/MSP430F5xx_6xx/adc12_a.pp" --obj_directory="driverlib/MSP430F5xx_6xx"  "../driverlib/MSP430F5xx_6xx/adc12_a.c"
'Finished building: ../driverlib/MSP430F5xx_6xx/adc12_a.c'
' '
'Building file: ../driverlib/MSP430F5xx_6xx/aes.c'
'Invoking: MSP430 Compiler'
"D:/CCS6.1.0.00104_win32/CCS/ccsv6/tools/compiler/ti-cgt-msp430_4.4.3/bin/cl430" -vmspx --abi=eabi --data_model=restricted --use_hw_mpy=F5 --include_path="D:/CCS6.1.0.00104_win32/CCS/ccsv6/ccs_base/msp430/include" --include_path="D:/CCS6.1.0.00104_win32/CCS/ccsv6/tools/compiler/ti-cgt-msp430_4.4.3/include" --include_path="D:/CCS6.1.0.00104_win32/workspace/timer_a_ex6_upDownModeOperation/driverlib/MSP430F5xx_6xx" --advice:power="none" -g --define=__MSP430F5529__ --define=DEPRECATED --diag_warning=225 --display_error_number --diag_wrap=off --silicon_errata=CPU21 --silicon_errata=CPU22 --silicon_errata=CPU23 --silicon_errata=CPU40 --printf_support=minimal --preproc_with_compile --preproc_dependency="driverlib/MSP430F5xx_6xx/aes.pp" --obj_directory="driverlib/MSP430F5xx_6xx"  "../driverlib/MSP430F5xx_6xx/aes.c"
'Finished building: ../driverlib/MSP430F5xx_6xx/aes.c'
' '
'Building file: ../driverlib/MSP430F5xx_6xx/battbak.c'
'Invoking: MSP430 Compiler'
"D:/CCS6.1.0.00104_win32/CCS/ccsv6/tools/compiler/ti-cgt-msp430_4.4.3/bin/cl430" -vmspx --abi=eabi --data_model=restricted --use_hw_mpy=F5 --include_path="D:/CCS6.1.0.00104_win32/CCS/ccsv6/ccs_base/msp430/include" --include_path="D:/CCS6.1.0.00104_win32/CCS/ccsv6/tools/compiler/ti-cgt-msp430_4.4.3/include" --include_path="D:/CCS6.1.0.00104_win32/workspace/timer_a_ex6_upDownModeOperation/driverlib/MSP430F5xx_6xx" --advice:power="none" -g --define=__MSP430F5529__ --define=DEPRECATED --diag_warning=225 --display_error_number --diag_wrap=off --silicon_errata=CPU21 --silicon_errata=CPU22 --silicon_errata=CPU23 --silicon_errata=CPU40 --printf_support=minimal --preproc_with_compile --preproc_dependency="driverlib/MSP430F5xx_6xx/battbak.pp" --obj_directory="driverlib/MSP430F5xx_6xx"  "../driverlib/MSP430F5xx_6xx/battbak.c"
'Finished building: ../driverlib/MSP430F5xx_6xx/battbak.c'
' '
'Building file: ../driverlib/MSP430F5xx_6xx/comp_b.c'
'Invoking: MSP430 Compiler'
"D:/CCS6.1.0.00104_win32/CCS/ccsv6/tools/compiler/ti-cgt-msp430_4.4.3/bin/cl430" -vmspx --abi=eabi --data_model=restricted --use_hw_mpy=F5 --include_path="D:/CCS6.1.0.00104_win32/CCS/ccsv6/ccs_base/msp430/include" --include_path="D:/CCS6.1.0.00104_win32/CCS/ccsv6/tools/compiler/ti-cgt-msp430_4.4.3/include" --include_path="D:/CCS6.1.0.00104_win32/workspace/timer_a_ex6_upDownModeOperation/driverlib/MSP430F5xx_6xx" --advice:power="none" -g --define=__MSP430F5529__ --define=DEPRECATED --diag_warning=225 --display_error_number --diag_wrap=off --silicon_errata=CPU21 --silicon_errata=CPU22 --silicon_errata=CPU23 --silicon_errata=CPU40 --printf_support=minimal --preproc_with_compile --preproc_dependency="driverlib/MSP430F5xx_6xx/comp_b.pp" --obj_directory="driverlib/MSP430F5xx_6xx"  "../driverlib/MSP430F5xx_6xx/comp_b.c"
'Finished building: ../driverlib/MSP430F5xx_6xx/comp_b.c'
' '
'Building file: ../driverlib/MSP430F5xx_6xx/crc.c'
'Invoking: MSP430 Compiler'
"D:/CCS6.1.0.00104_win32/CCS/ccsv6/tools/compiler/ti-cgt-msp430_4.4.3/bin/cl430" -vmspx --abi=eabi --data_model=restricted --use_hw_mpy=F5 --include_path="D:/CCS6.1.0.00104_win32/CCS/ccsv6/ccs_base/msp430/include" --include_path="D:/CCS6.1.0.00104_win32/CCS/ccsv6/tools/compiler/ti-cgt-msp430_4.4.3/include" --include_path="D:/CCS6.1.0.00104_win32/workspace/timer_a_ex6_upDownModeOperation/driverlib/MSP430F5xx_6xx" --advice:power="none" -g --define=__MSP430F5529__ --define=DEPRECATED --diag_warning=225 --display_error_number --diag_wrap=off --silicon_errata=CPU21 --silicon_errata=CPU22 --silicon_errata=CPU23 --silicon_errata=CPU40 --printf_support=minimal --preproc_with_compile --preproc_dependency="driverlib/MSP430F5xx_6xx/crc.pp" --obj_directory="driverlib/MSP430F5xx_6xx"  "../driverlib/MSP430F5xx_6xx/crc.c"
'Finished building: ../driverlib/MSP430F5xx_6xx/crc.c'
' '
'Building file: ../driverlib/MSP430F5xx_6xx/ctsd16.c'
'Invoking: MSP430 Compiler'
"D:/CCS6.1.0.00104_win32/CCS/ccsv6/tools/compiler/ti-cgt-msp430_4.4.3/bin/cl430" -vmspx --abi=eabi --data_model=restricted --use_hw_mpy=F5 --include_path="D:/CCS6.1.0.00104_win32/CCS/ccsv6/ccs_base/msp430/include" --include_path="D:/CCS6.1.0.00104_win32/CCS/ccsv6/tools/compiler/ti-cgt-msp430_4.4.3/include" --include_path="D:/CCS6.1.0.00104_win32/workspace/timer_a_ex6_upDownModeOperation/driverlib/MSP430F5xx_6xx" --advice:power="none" -g --define=__MSP430F5529__ --define=DEPRECATED --diag_warning=225 --display_error_number --diag_wrap=off --silicon_errata=CPU21 --silicon_errata=CPU22 --silicon_errata=CPU23 --silicon_errata=CPU40 --printf_support=minimal --preproc_with_compile --preproc_dependency="driverlib/MSP430F5xx_6xx/ctsd16.pp" --obj_directory="driverlib/MSP430F5xx_6xx"  "../driverlib/MSP430F5xx_6xx/ctsd16.c"
'Finished building: ../driverlib/MSP430F5xx_6xx/ctsd16.c'
' '
'Building file: ../driverlib/MSP430F5xx_6xx/dac12_a.c'
'Invoking: MSP430 Compiler'
"D:/CCS6.1.0.00104_win32/CCS/ccsv6/tools/compiler/ti-cgt-msp430_4.4.3/bin/cl430" -vmspx --abi=eabi --data_model=restricted --use_hw_mpy=F5 --include_path="D:/CCS6.1.0.00104_win32/CCS/ccsv6/ccs_base/msp430/include" --include_path="D:/CCS6.1.0.00104_win32/CCS/ccsv6/tools/compiler/ti-cgt-msp430_4.4.3/include" --include_path="D:/CCS6.1.0.00104_win32/workspace/timer_a_ex6_upDownModeOperation/driverlib/MSP430F5xx_6xx" --advice:power="none" -g --define=__MSP430F5529__ --define=DEPRECATED --diag_warning=225 --display_error_number --diag_wrap=off --silicon_errata=CPU21 --silicon_errata=CPU22 --silicon_errata=CPU23 --silicon_errata=CPU40 --printf_support=minimal --preproc_with_compile --preproc_dependency="driverlib/MSP430F5xx_6xx/dac12_a.pp" --obj_directory="driverlib/MSP430F5xx_6xx"  "../driverlib/MSP430F5xx_6xx/dac12_a.c"
'Finished building: ../driverlib/MSP430F5xx_6xx/dac12_a.c'
' '
'Building file: ../driverlib/MSP430F5xx_6xx/dma.c'
'Invoking: MSP430 Compiler'
"D:/CCS6.1.0.00104_win32/CCS/ccsv6/tools/compiler/ti-cgt-msp430_4.4.3/bin/cl430" -vmspx --abi=eabi --data_model=restricted --use_hw_mpy=F5 --include_path="D:/CCS6.1.0.00104_win32/CCS/ccsv6/ccs_base/msp430/include" --include_path="D:/CCS6.1.0.00104_win32/CCS/ccsv6/tools/compiler/ti-cgt-msp430_4.4.3/include" --include_path="D:/CCS6.1.0.00104_win32/workspace/timer_a_ex6_upDownModeOperation/driverlib/MSP430F5xx_6xx" --advice:power="none" -g --define=__MSP430F5529__ --define=DEPRECATED --diag_warning=225 --display_error_number --diag_wrap=off --silicon_errata=CPU21 --silicon_errata=CPU22 --silicon_errata=CPU23 --silicon_errata=CPU40 --printf_support=minimal --preproc_with_compile --preproc_dependency="driverlib/MSP430F5xx_6xx/dma.pp" --obj_directory="driverlib/MSP430F5xx_6xx"  "../driverlib/MSP430F5xx_6xx/dma.c"
'Finished building: ../driverlib/MSP430F5xx_6xx/dma.c'
' '
'Building file: ../driverlib/MSP430F5xx_6xx/eusci_a_spi.c'
'Invoking: MSP430 Compiler'
"D:/CCS6.1.0.00104_win32/CCS/ccsv6/tools/compiler/ti-cgt-msp430_4.4.3/bin/cl430" -vmspx --abi=eabi --data_model=restricted --use_hw_mpy=F5 --include_path="D:/CCS6.1.0.00104_win32/CCS/ccsv6/ccs_base/msp430/include" --include_path="D:/CCS6.1.0.00104_win32/CCS/ccsv6/tools/compiler/ti-cgt-msp430_4.4.3/include" --include_path="D:/CCS6.1.0.00104_win32/workspace/timer_a_ex6_upDownModeOperation/driverlib/MSP430F5xx_6xx" --advice:power="none" -g --define=__MSP430F5529__ --define=DEPRECATED --diag_warning=225 --display_error_number --diag_wrap=off --silicon_errata=CPU21 --silicon_errata=CPU22 --silicon_errata=CPU23 --silicon_errata=CPU40 --printf_support=minimal --preproc_with_compile --preproc_dependency="driverlib/MSP430F5xx_6xx/eusci_a_spi.pp" --obj_directory="driverlib/MSP430F5xx_6xx"  "../driverlib/MSP430F5xx_6xx/eusci_a_spi.c"
'Finished building: ../driverlib/MSP430F5xx_6xx/eusci_a_spi.c'
' '
'Building file: ../driverlib/MSP430F5xx_6xx/eusci_a_uart.c'
'Invoking: MSP430 Compiler'
"D:/CCS6.1.0.00104_win32/CCS/ccsv6/tools/compiler/ti-cgt-msp430_4.4.3/bin/cl430" -vmspx --abi=eabi --data_model=restricted --use_hw_mpy=F5 --include_path="D:/CCS6.1.0.00104_win32/CCS/ccsv6/ccs_base/msp430/include" --include_path="D:/CCS6.1.0.00104_win32/CCS/ccsv6/tools/compiler/ti-cgt-msp430_4.4.3/include" --include_path="D:/CCS6.1.0.00104_win32/workspace/timer_a_ex6_upDownModeOperation/driverlib/MSP430F5xx_6xx" --advice:power="none" -g --define=__MSP430F5529__ --define=DEPRECATED --diag_warning=225 --display_error_number --diag_wrap=off --silicon_errata=CPU21 --silicon_errata=CPU22 --silicon_errata=CPU23 --silicon_errata=CPU40 --printf_support=minimal --preproc_with_compile --preproc_dependency="driverlib/MSP430F5xx_6xx/eusci_a_uart.pp" --obj_directory="driverlib/MSP430F5xx_6xx"  "../driverlib/MSP430F5xx_6xx/eusci_a_uart.c"
'Finished building: ../driverlib/MSP430F5xx_6xx/eusci_a_uart.c'
' '
'Building file: ../driverlib/MSP430F5xx_6xx/eusci_b_i2c.c'
'Invoking: MSP430 Compiler'
"D:/CCS6.1.0.00104_win32/CCS/ccsv6/tools/compiler/ti-cgt-msp430_4.4.3/bin/cl430" -vmspx --abi=eabi --data_model=restricted --use_hw_mpy=F5 --include_path="D:/CCS6.1.0.00104_win32/CCS/ccsv6/ccs_base/msp430/include" --include_path="D:/CCS6.1.0.00104_win32/CCS/ccsv6/tools/compiler/ti-cgt-msp430_4.4.3/include" --include_path="D:/CCS6.1.0.00104_win32/workspace/timer_a_ex6_upDownModeOperation/driverlib/MSP430F5xx_6xx" --advice:power="none" -g --define=__MSP430F5529__ --define=DEPRECATED --diag_warning=225 --display_error_number --diag_wrap=off --silicon_errata=CPU21 --silicon_errata=CPU22 --silicon_errata=CPU23 --silicon_errata=CPU40 --printf_support=minimal --preproc_with_compile --preproc_dependency="driverlib/MSP430F5xx_6xx/eusci_b_i2c.pp" --obj_directory="driverlib/MSP430F5xx_6xx"  "../driverlib/MSP430F5xx_6xx/eusci_b_i2c.c"
'Finished building: ../driverlib/MSP430F5xx_6xx/eusci_b_i2c.c'
' '
'Building file: ../driverlib/MSP430F5xx_6xx/eusci_b_spi.c'
'Invoking: MSP430 Compiler'
"D:/CCS6.1.0.00104_win32/CCS/ccsv6/tools/compiler/ti-cgt-msp430_4.4.3/bin/cl430" -vmspx --abi=eabi --data_model=restricted --use_hw_mpy=F5 --include_path="D:/CCS6.1.0.00104_win32/CCS/ccsv6/ccs_base/msp430/include" --include_path="D:/CCS6.1.0.00104_win32/CCS/ccsv6/tools/compiler/ti-cgt-msp430_4.4.3/include" --include_path="D:/CCS6.1.0.00104_win32/workspace/timer_a_ex6_upDownModeOperation/driverlib/MSP430F5xx_6xx" --advice:power="none" -g --define=__MSP430F5529__ --define=DEPRECATED --diag_warning=225 --display_error_number --diag_wrap=off --silicon_errata=CPU21 --silicon_errata=CPU22 --silicon_errata=CPU23 --silicon_errata=CPU40 --printf_support=minimal --preproc_with_compile --preproc_dependency="driverlib/MSP430F5xx_6xx/eusci_b_spi.pp" --obj_directory="driverlib/MSP430F5xx_6xx"  "../driverlib/MSP430F5xx_6xx/eusci_b_spi.c"
'Finished building: ../driverlib/MSP430F5xx_6xx/eusci_b_spi.c'
' '
'Building file: ../driverlib/MSP430F5xx_6xx/flashctl.c'
'Invoking: MSP430 Compiler'
"D:/CCS6.1.0.00104_win32/CCS/ccsv6/tools/compiler/ti-cgt-msp430_4.4.3/bin/cl430" -vmspx --abi=eabi --data_model=restricted --use_hw_mpy=F5 --include_path="D:/CCS6.1.0.00104_win32/CCS/ccsv6/ccs_base/msp430/include" --include_path="D:/CCS6.1.0.00104_win32/CCS/ccsv6/tools/compiler/ti-cgt-msp430_4.4.3/include" --include_path="D:/CCS6.1.0.00104_win32/workspace/timer_a_ex6_upDownModeOperation/driverlib/MSP430F5xx_6xx" --advice:power="none" -g --define=__MSP430F5529__ --define=DEPRECATED --diag_warning=225 --display_error_number --diag_wrap=off --silicon_errata=CPU21 --silicon_errata=CPU22 --silicon_errata=CPU23 --silicon_errata=CPU40 --printf_support=minimal --preproc_with_compile --preproc_dependency="driverlib/MSP430F5xx_6xx/flashctl.pp" --obj_directory="driverlib/MSP430F5xx_6xx"  "../driverlib/MSP430F5xx_6xx/flashctl.c"
'Finished building: ../driverlib/MSP430F5xx_6xx/flashctl.c'
' '
'Building file: ../driverlib/MSP430F5xx_6xx/gpio.c'
'Invoking: MSP430 Compiler'
"D:/CCS6.1.0.00104_win32/CCS/ccsv6/tools/compiler/ti-cgt-msp430_4.4.3/bin/cl430" -vmspx --abi=eabi --data_model=restricted --use_hw_mpy=F5 --include_path="D:/CCS6.1.0.00104_win32/CCS/ccsv6/ccs_base/msp430/include" --include_path="D:/CCS6.1.0.00104_win32/CCS/ccsv6/tools/compiler/ti-cgt-msp430_4.4.3/include" --include_path="D:/CCS6.1.0.00104_win32/workspace/timer_a_ex6_upDownModeOperation/driverlib/MSP430F5xx_6xx" --advice:power="none" -g --define=__MSP430F5529__ --define=DEPRECATED --diag_warning=225 --display_error_number --diag_wrap=off --silicon_errata=CPU21 --silicon_errata=CPU22 --silicon_errata=CPU23 --silicon_errata=CPU40 --printf_support=minimal --preproc_with_compile --preproc_dependency="driverlib/MSP430F5xx_6xx/gpio.pp" --obj_directory="driverlib/MSP430F5xx_6xx"  "../driverlib/MSP430F5xx_6xx/gpio.c"
'Finished building: ../driverlib/MSP430F5xx_6xx/gpio.c'
' '
'Building file: ../driverlib/MSP430F5xx_6xx/lcd_b.c'
'Invoking: MSP430 Compiler'
"D:/CCS6.1.0.00104_win32/CCS/ccsv6/tools/compiler/ti-cgt-msp430_4.4.3/bin/cl430" -vmspx --abi=eabi --data_model=restricted --use_hw_mpy=F5 --include_path="D:/CCS6.1.0.00104_win32/CCS/ccsv6/ccs_base/msp430/include" --include_path="D:/CCS6.1.0.00104_win32/CCS/ccsv6/tools/compiler/ti-cgt-msp430_4.4.3/include" --include_path="D:/CCS6.1.0.00104_win32/workspace/timer_a_ex6_upDownModeOperation/driverlib/MSP430F5xx_6xx" --advice:power="none" -g --define=__MSP430F5529__ --define=DEPRECATED --diag_warning=225 --display_error_number --diag_wrap=off --silicon_errata=CPU21 --silicon_errata=CPU22 --silicon_errata=CPU23 --silicon_errata=CPU40 --printf_support=minimal --preproc_with_compile --preproc_dependency="driverlib/MSP430F5xx_6xx/lcd_b.pp" --obj_directory="driverlib/MSP430F5xx_6xx"  "../driverlib/MSP430F5xx_6xx/lcd_b.c"
'Finished building: ../driverlib/MSP430F5xx_6xx/lcd_b.c'
' '
'Building file: ../driverlib/MSP430F5xx_6xx/lcd_c.c'
'Invoking: MSP430 Compiler'
"D:/CCS6.1.0.00104_win32/CCS/ccsv6/tools/compiler/ti-cgt-msp430_4.4.3/bin/cl430" -vmspx --abi=eabi --data_model=restricted --use_hw_mpy=F5 --include_path="D:/CCS6.1.0.00104_win32/CCS/ccsv6/ccs_base/msp430/include" --include_path="D:/CCS6.1.0.00104_win32/CCS/ccsv6/tools/compiler/ti-cgt-msp430_4.4.3/include" --include_path="D:/CCS6.1.0.00104_win32/workspace/timer_a_ex6_upDownModeOperation/driverlib/MSP430F5xx_6xx" --advice:power="none" -g --define=__MSP430F5529__ --define=DEPRECATED --diag_warning=225 --display_error_number --diag_wrap=off --silicon_errata=CPU21 --silicon_errata=CPU22 --silicon_errata=CPU23 --silicon_errata=CPU40 --printf_support=minimal --preproc_with_compile --preproc_dependency="driverlib/MSP430F5xx_6xx/lcd_c.pp" --obj_directory="driverlib/MSP430F5xx_6xx"  "../driverlib/MSP430F5xx_6xx/lcd_c.c"
'Finished building: ../driverlib/MSP430F5xx_6xx/lcd_c.c'
' '
'Building file: ../driverlib/MSP430F5xx_6xx/ldopwr.c'
'Invoking: MSP430 Compiler'
"D:/CCS6.1.0.00104_win32/CCS/ccsv6/tools/compiler/ti-cgt-msp430_4.4.3/bin/cl430" -vmspx --abi=eabi --data_model=restricted --use_hw_mpy=F5 --include_path="D:/CCS6.1.0.00104_win32/CCS/ccsv6/ccs_base/msp430/include" --include_path="D:/CCS6.1.0.00104_win32/CCS/ccsv6/tools/compiler/ti-cgt-msp430_4.4.3/include" --include_path="D:/CCS6.1.0.00104_win32/workspace/timer_a_ex6_upDownModeOperation/driverlib/MSP430F5xx_6xx" --advice:power="none" -g --define=__MSP430F5529__ --define=DEPRECATED --diag_warning=225 --display_error_number --diag_wrap=off --silicon_errata=CPU21 --silicon_errata=CPU22 --silicon_errata=CPU23 --silicon_errata=CPU40 --printf_support=minimal --preproc_with_compile --preproc_dependency="driverlib/MSP430F5xx_6xx/ldopwr.pp" --obj_directory="driverlib/MSP430F5xx_6xx"  "../driverlib/MSP430F5xx_6xx/ldopwr.c"
'Finished building: ../driverlib/MSP430F5xx_6xx/ldopwr.c'
' '
'Building file: ../driverlib/MSP430F5xx_6xx/mpy32.c'
'Invoking: MSP430 Compiler'
"D:/CCS6.1.0.00104_win32/CCS/ccsv6/tools/compiler/ti-cgt-msp430_4.4.3/bin/cl430" -vmspx --abi=eabi --data_model=restricted --use_hw_mpy=F5 --include_path="D:/CCS6.1.0.00104_win32/CCS/ccsv6/ccs_base/msp430/include" --include_path="D:/CCS6.1.0.00104_win32/CCS/ccsv6/tools/compiler/ti-cgt-msp430_4.4.3/include" --include_path="D:/CCS6.1.0.00104_win32/workspace/timer_a_ex6_upDownModeOperation/driverlib/MSP430F5xx_6xx" --advice:power="none" -g --define=__MSP430F5529__ --define=DEPRECATED --diag_warning=225 --display_error_number --diag_wrap=off --silicon_errata=CPU21 --silicon_errata=CPU22 --silicon_errata=CPU23 --silicon_errata=CPU40 --printf_support=minimal --preproc_with_compile --preproc_dependency="driverlib/MSP430F5xx_6xx/mpy32.pp" --obj_directory="driverlib/MSP430F5xx_6xx"  "../driverlib/MSP430F5xx_6xx/mpy32.c"
'Finished building: ../driverlib/MSP430F5xx_6xx/mpy32.c'
' '
'Building file: ../driverlib/MSP430F5xx_6xx/oa.c'
'Invoking: MSP430 Compiler'
"D:/CCS6.1.0.00104_win32/CCS/ccsv6/tools/compiler/ti-cgt-msp430_4.4.3/bin/cl430" -vmspx --abi=eabi --data_model=restricted --use_hw_mpy=F5 --include_path="D:/CCS6.1.0.00104_win32/CCS/ccsv6/ccs_base/msp430/include" --include_path="D:/CCS6.1.0.00104_win32/CCS/ccsv6/tools/compiler/ti-cgt-msp430_4.4.3/include" --include_path="D:/CCS6.1.0.00104_win32/workspace/timer_a_ex6_upDownModeOperation/driverlib/MSP430F5xx_6xx" --advice:power="none" -g --define=__MSP430F5529__ --define=DEPRECATED --diag_warning=225 --display_error_number --diag_wrap=off --silicon_errata=CPU21 --silicon_errata=CPU22 --silicon_errata=CPU23 --silicon_errata=CPU40 --printf_support=minimal --preproc_with_compile --preproc_dependency="driverlib/MSP430F5xx_6xx/oa.pp" --obj_directory="driverlib/MSP430F5xx_6xx"  "../driverlib/MSP430F5xx_6xx/oa.c"
'Finished building: ../driverlib/MSP430F5xx_6xx/oa.c'
' '
'Building file: ../driverlib/MSP430F5xx_6xx/pmap.c'
'Invoking: MSP430 Compiler'
"D:/CCS6.1.0.00104_win32/CCS/ccsv6/tools/compiler/ti-cgt-msp430_4.4.3/bin/cl430" -vmspx --abi=eabi --data_model=restricted --use_hw_mpy=F5 --include_path="D:/CCS6.1.0.00104_win32/CCS/ccsv6/ccs_base/msp430/include" --include_path="D:/CCS6.1.0.00104_win32/CCS/ccsv6/tools/compiler/ti-cgt-msp430_4.4.3/include" --include_path="D:/CCS6.1.0.00104_win32/workspace/timer_a_ex6_upDownModeOperation/driverlib/MSP430F5xx_6xx" --advice:power="none" -g --define=__MSP430F5529__ --define=DEPRECATED --diag_warning=225 --display_error_number --diag_wrap=off --silicon_errata=CPU21 --silicon_errata=CPU22 --silicon_errata=CPU23 --silicon_errata=CPU40 --printf_support=minimal --preproc_with_compile --preproc_dependency="driverlib/MSP430F5xx_6xx/pmap.pp" --obj_directory="driverlib/MSP430F5xx_6xx"  "../driverlib/MSP430F5xx_6xx/pmap.c"
'Finished building: ../driverlib/MSP430F5xx_6xx/pmap.c'
' '
'Building file: ../driverlib/MSP430F5xx_6xx/pmm.c'
'Invoking: MSP430 Compiler'
"D:/CCS6.1.0.00104_win32/CCS/ccsv6/tools/compiler/ti-cgt-msp430_4.4.3/bin/cl430" -vmspx --abi=eabi --data_model=restricted --use_hw_mpy=F5 --include_path="D:/CCS6.1.0.00104_win32/CCS/ccsv6/ccs_base/msp430/include" --include_path="D:/CCS6.1.0.00104_win32/CCS/ccsv6/tools/compiler/ti-cgt-msp430_4.4.3/include" --include_path="D:/CCS6.1.0.00104_win32/workspace/timer_a_ex6_upDownModeOperation/driverlib/MSP430F5xx_6xx" --advice:power="none" -g --define=__MSP430F5529__ --define=DEPRECATED --diag_warning=225 --display_error_number --diag_wrap=off --silicon_errata=CPU21 --silicon_errata=CPU22 --silicon_errata=CPU23 --silicon_errata=CPU40 --printf_support=minimal --preproc_with_compile --preproc_dependency="driverlib/MSP430F5xx_6xx/pmm.pp" --obj_directory="driverlib/MSP430F5xx_6xx"  "../driverlib/MSP430F5xx_6xx/pmm.c"
'Finished building: ../driverlib/MSP430F5xx_6xx/pmm.c'
' '
'Building file: ../driverlib/MSP430F5xx_6xx/ram.c'
'Invoking: MSP430 Compiler'
"D:/CCS6.1.0.00104_win32/CCS/ccsv6/tools/compiler/ti-cgt-msp430_4.4.3/bin/cl430" -vmspx --abi=eabi --data_model=restricted --use_hw_mpy=F5 --include_path="D:/CCS6.1.0.00104_win32/CCS/ccsv6/ccs_base/msp430/include" --include_path="D:/CCS6.1.0.00104_win32/CCS/ccsv6/tools/compiler/ti-cgt-msp430_4.4.3/include" --include_path="D:/CCS6.1.0.00104_win32/workspace/timer_a_ex6_upDownModeOperation/driverlib/MSP430F5xx_6xx" --advice:power="none" -g --define=__MSP430F5529__ --define=DEPRECATED --diag_warning=225 --display_error_number --diag_wrap=off --silicon_errata=CPU21 --silicon_errata=CPU22 --silicon_errata=CPU23 --silicon_errata=CPU40 --printf_support=minimal --preproc_with_compile --preproc_dependency="driverlib/MSP430F5xx_6xx/ram.pp" --obj_directory="driverlib/MSP430F5xx_6xx"  "../driverlib/MSP430F5xx_6xx/ram.c"
'Finished building: ../driverlib/MSP430F5xx_6xx/ram.c'
' '
'Building file: ../driverlib/MSP430F5xx_6xx/ref.c'
'Invoking: MSP430 Compiler'
"D:/CCS6.1.0.00104_win32/CCS/ccsv6/tools/compiler/ti-cgt-msp430_4.4.3/bin/cl430" -vmspx --abi=eabi --data_model=restricted --use_hw_mpy=F5 --include_path="D:/CCS6.1.0.00104_win32/CCS/ccsv6/ccs_base/msp430/include" --include_path="D:/CCS6.1.0.00104_win32/CCS/ccsv6/tools/compiler/ti-cgt-msp430_4.4.3/include" --include_path="D:/CCS6.1.0.00104_win32/workspace/timer_a_ex6_upDownModeOperation/driverlib/MSP430F5xx_6xx" --advice:power="none" -g --define=__MSP430F5529__ --define=DEPRECATED --diag_warning=225 --display_error_number --diag_wrap=off --silicon_errata=CPU21 --silicon_errata=CPU22 --silicon_errata=CPU23 --silicon_errata=CPU40 --printf_support=minimal --preproc_with_compile --preproc_dependency="driverlib/MSP430F5xx_6xx/ref.pp" --obj_directory="driverlib/MSP430F5xx_6xx"  "../driverlib/MSP430F5xx_6xx/ref.c"
'Finished building: ../driverlib/MSP430F5xx_6xx/ref.c'
' '
'Building file: ../driverlib/MSP430F5xx_6xx/rtc_a.c'
'Invoking: MSP430 Compiler'
"D:/CCS6.1.0.00104_win32/CCS/ccsv6/tools/compiler/ti-cgt-msp430_4.4.3/bin/cl430" -vmspx --abi=eabi --data_model=restricted --use_hw_mpy=F5 --include_path="D:/CCS6.1.0.00104_win32/CCS/ccsv6/ccs_base/msp430/include" --include_path="D:/CCS6.1.0.00104_win32/CCS/ccsv6/tools/compiler/ti-cgt-msp430_4.4.3/include" --include_path="D:/CCS6.1.0.00104_win32/workspace/timer_a_ex6_upDownModeOperation/driverlib/MSP430F5xx_6xx" --advice:power="none" -g --define=__MSP430F5529__ --define=DEPRECATED --diag_warning=225 --display_error_number --diag_wrap=off --silicon_errata=CPU21 --silicon_errata=CPU22 --silicon_errata=CPU23 --silicon_errata=CPU40 --printf_support=minimal --preproc_with_compile --preproc_dependency="driverlib/MSP430F5xx_6xx/rtc_a.pp" --obj_directory="driverlib/MSP430F5xx_6xx"  "../driverlib/MSP430F5xx_6xx/rtc_a.c"
'Finished building: ../driverlib/MSP430F5xx_6xx/rtc_a.c'
' '
'Building file: ../driverlib/MSP430F5xx_6xx/rtc_b.c'
'Invoking: MSP430 Compiler'
"D:/CCS6.1.0.00104_win32/CCS/ccsv6/tools/compiler/ti-cgt-msp430_4.4.3/bin/cl430" -vmspx --abi=eabi --data_model=restricted --use_hw_mpy=F5 --include_path="D:/CCS6.1.0.00104_win32/CCS/ccsv6/ccs_base/msp430/include" --include_path="D:/CCS6.1.0.00104_win32/CCS/ccsv6/tools/compiler/ti-cgt-msp430_4.4.3/include" --include_path="D:/CCS6.1.0.00104_win32/workspace/timer_a_ex6_upDownModeOperation/driverlib/MSP430F5xx_6xx" --advice:power="none" -g --define=__MSP430F5529__ --define=DEPRECATED --diag_warning=225 --display_error_number --diag_wrap=off --silicon_errata=CPU21 --silicon_errata=CPU22 --silicon_errata=CPU23 --silicon_errata=CPU40 --printf_support=minimal --preproc_with_compile --preproc_dependency="driverlib/MSP430F5xx_6xx/rtc_b.pp" --obj_directory="driverlib/MSP430F5xx_6xx"  "../driverlib/MSP430F5xx_6xx/rtc_b.c"
'Finished building: ../driverlib/MSP430F5xx_6xx/rtc_b.c'
' '
'Building file: ../driverlib/MSP430F5xx_6xx/rtc_c.c'
'Invoking: MSP430 Compiler'
"D:/CCS6.1.0.00104_win32/CCS/ccsv6/tools/compiler/ti-cgt-msp430_4.4.3/bin/cl430" -vmspx --abi=eabi --data_model=restricted --use_hw_mpy=F5 --include_path="D:/CCS6.1.0.00104_win32/CCS/ccsv6/ccs_base/msp430/include" --include_path="D:/CCS6.1.0.00104_win32/CCS/ccsv6/tools/compiler/ti-cgt-msp430_4.4.3/include" --include_path="D:/CCS6.1.0.00104_win32/workspace/timer_a_ex6_upDownModeOperation/driverlib/MSP430F5xx_6xx" --advice:power="none" -g --define=__MSP430F5529__ --define=DEPRECATED --diag_warning=225 --display_error_number --diag_wrap=off --silicon_errata=CPU21 --silicon_errata=CPU22 --silicon_errata=CPU23 --silicon_errata=CPU40 --printf_support=minimal --preproc_with_compile --preproc_dependency="driverlib/MSP430F5xx_6xx/rtc_c.pp" --obj_directory="driverlib/MSP430F5xx_6xx"  "../driverlib/MSP430F5xx_6xx/rtc_c.c"
'Finished building: ../driverlib/MSP430F5xx_6xx/rtc_c.c'
' '
'Building file: ../driverlib/MSP430F5xx_6xx/sd24_b.c'
'Invoking: MSP430 Compiler'
"D:/CCS6.1.0.00104_win32/CCS/ccsv6/tools/compiler/ti-cgt-msp430_4.4.3/bin/cl430" -vmspx --abi=eabi --data_model=restricted --use_hw_mpy=F5 --include_path="D:/CCS6.1.0.00104_win32/CCS/ccsv6/ccs_base/msp430/include" --include_path="D:/CCS6.1.0.00104_win32/CCS/ccsv6/tools/compiler/ti-cgt-msp430_4.4.3/include" --include_path="D:/CCS6.1.0.00104_win32/workspace/timer_a_ex6_upDownModeOperation/driverlib/MSP430F5xx_6xx" --advice:power="none" -g --define=__MSP430F5529__ --define=DEPRECATED --diag_warning=225 --display_error_number --diag_wrap=off --silicon_errata=CPU21 --silicon_errata=CPU22 --silicon_errata=CPU23 --silicon_errata=CPU40 --printf_support=minimal --preproc_with_compile --preproc_dependency="driverlib/MSP430F5xx_6xx/sd24_b.pp" --obj_directory="driverlib/MSP430F5xx_6xx"  "../driverlib/MSP430F5xx_6xx/sd24_b.c"
'Finished building: ../driverlib/MSP430F5xx_6xx/sd24_b.c'
' '
'Building file: ../driverlib/MSP430F5xx_6xx/sfr.c'
'Invoking: MSP430 Compiler'
"D:/CCS6.1.0.00104_win32/CCS/ccsv6/tools/compiler/ti-cgt-msp430_4.4.3/bin/cl430" -vmspx --abi=eabi --data_model=restricted --use_hw_mpy=F5 --include_path="D:/CCS6.1.0.00104_win32/CCS/ccsv6/ccs_base/msp430/include" --include_path="D:/CCS6.1.0.00104_win32/CCS/ccsv6/tools/compiler/ti-cgt-msp430_4.4.3/include" --include_path="D:/CCS6.1.0.00104_win32/workspace/timer_a_ex6_upDownModeOperation/driverlib/MSP430F5xx_6xx" --advice:power="none" -g --define=__MSP430F5529__ --define=DEPRECATED --diag_warning=225 --display_error_number --diag_wrap=off --silicon_errata=CPU21 --silicon_errata=CPU22 --silicon_errata=CPU23 --silicon_errata=CPU40 --printf_support=minimal --preproc_with_compile --preproc_dependency="driverlib/MSP430F5xx_6xx/sfr.pp" --obj_directory="driverlib/MSP430F5xx_6xx"  "../driverlib/MSP430F5xx_6xx/sfr.c"
'Finished building: ../driverlib/MSP430F5xx_6xx/sfr.c'
' '
'Building file: ../driverlib/MSP430F5xx_6xx/sysctl.c'
'Invoking: MSP430 Compiler'
"D:/CCS6.1.0.00104_win32/CCS/ccsv6/tools/compiler/ti-cgt-msp430_4.4.3/bin/cl430" -vmspx --abi=eabi --data_model=restricted --use_hw_mpy=F5 --include_path="D:/CCS6.1.0.00104_win32/CCS/ccsv6/ccs_base/msp430/include" --include_path="D:/CCS6.1.0.00104_win32/CCS/ccsv6/tools/compiler/ti-cgt-msp430_4.4.3/include" --include_path="D:/CCS6.1.0.00104_win32/workspace/timer_a_ex6_upDownModeOperation/driverlib/MSP430F5xx_6xx" --advice:power="none" -g --define=__MSP430F5529__ --define=DEPRECATED --diag_warning=225 --display_error_number --diag_wrap=off --silicon_errata=CPU21 --silicon_errata=CPU22 --silicon_errata=CPU23 --silicon_errata=CPU40 --printf_support=minimal --preproc_with_compile --preproc_dependency="driverlib/MSP430F5xx_6xx/sysctl.pp" --obj_directory="driverlib/MSP430F5xx_6xx"  "../driverlib/MSP430F5xx_6xx/sysctl.c"
'Finished building: ../driverlib/MSP430F5xx_6xx/sysctl.c'
' '
'Building file: ../driverlib/MSP430F5xx_6xx/tec.c'
'Invoking: MSP430 Compiler'
"D:/CCS6.1.0.00104_win32/CCS/ccsv6/tools/compiler/ti-cgt-msp430_4.4.3/bin/cl430" -vmspx --abi=eabi --data_model=restricted --use_hw_mpy=F5 --include_path="D:/CCS6.1.0.00104_win32/CCS/ccsv6/ccs_base/msp430/include" --include_path="D:/CCS6.1.0.00104_win32/CCS/ccsv6/tools/compiler/ti-cgt-msp430_4.4.3/include" --include_path="D:/CCS6.1.0.00104_win32/workspace/timer_a_ex6_upDownModeOperation/driverlib/MSP430F5xx_6xx" --advice:power="none" -g --define=__MSP430F5529__ --define=DEPRECATED --diag_warning=225 --display_error_number --diag_wrap=off --silicon_errata=CPU21 --silicon_errata=CPU22 --silicon_errata=CPU23 --silicon_errata=CPU40 --printf_support=minimal --preproc_with_compile --preproc_dependency="driverlib/MSP430F5xx_6xx/tec.pp" --obj_directory="driverlib/MSP430F5xx_6xx"  "../driverlib/MSP430F5xx_6xx/tec.c"
'Finished building: ../driverlib/MSP430F5xx_6xx/tec.c'
' '
'Building file: ../driverlib/MSP430F5xx_6xx/timer_a.c'
'Invoking: MSP430 Compiler'
"D:/CCS6.1.0.00104_win32/CCS/ccsv6/tools/compiler/ti-cgt-msp430_4.4.3/bin/cl430" -vmspx --abi=eabi --data_model=restricted --use_hw_mpy=F5 --include_path="D:/CCS6.1.0.00104_win32/CCS/ccsv6/ccs_base/msp430/include" --include_path="D:/CCS6.1.0.00104_win32/CCS/ccsv6/tools/compiler/ti-cgt-msp430_4.4.3/include" --include_path="D:/CCS6.1.0.00104_win32/workspace/timer_a_ex6_upDownModeOperation/driverlib/MSP430F5xx_6xx" --advice:power="none" -g --define=__MSP430F5529__ --define=DEPRECATED --diag_warning=225 --display_error_number --diag_wrap=off --silicon_errata=CPU21 --silicon_errata=CPU22 --silicon_errata=CPU23 --silicon_errata=CPU40 --printf_support=minimal --preproc_with_compile --preproc_dependency="driverlib/MSP430F5xx_6xx/timer_a.pp" --obj_directory="driverlib/MSP430F5xx_6xx"  "../driverlib/MSP430F5xx_6xx/timer_a.c"
'Finished building: ../driverlib/MSP430F5xx_6xx/timer_a.c'
' '
'Building file: ../driverlib/MSP430F5xx_6xx/timer_b.c'
'Invoking: MSP430 Compiler'
"D:/CCS6.1.0.00104_win32/CCS/ccsv6/tools/compiler/ti-cgt-msp430_4.4.3/bin/cl430" -vmspx --abi=eabi --data_model=restricted --use_hw_mpy=F5 --include_path="D:/CCS6.1.0.00104_win32/CCS/ccsv6/ccs_base/msp430/include" --include_path="D:/CCS6.1.0.00104_win32/CCS/ccsv6/tools/compiler/ti-cgt-msp430_4.4.3/include" --include_path="D:/CCS6.1.0.00104_win32/workspace/timer_a_ex6_upDownModeOperation/driverlib/MSP430F5xx_6xx" --advice:power="none" -g --define=__MSP430F5529__ --define=DEPRECATED --diag_warning=225 --display_error_number --diag_wrap=off --silicon_errata=CPU21 --silicon_errata=CPU22 --silicon_errata=CPU23 --silicon_errata=CPU40 --printf_support=minimal --preproc_with_compile --preproc_dependency="driverlib/MSP430F5xx_6xx/timer_b.pp" --obj_directory="driverlib/MSP430F5xx_6xx"  "../driverlib/MSP430F5xx_6xx/timer_b.c"
'Finished building: ../driverlib/MSP430F5xx_6xx/timer_b.c'
' '
'Building file: ../driverlib/MSP430F5xx_6xx/timer_d.c'
'Invoking: MSP430 Compiler'
"D:/CCS6.1.0.00104_win32/CCS/ccsv6/tools/compiler/ti-cgt-msp430_4.4.3/bin/cl430" -vmspx --abi=eabi --data_model=restricted --use_hw_mpy=F5 --include_path="D:/CCS6.1.0.00104_win32/CCS/ccsv6/ccs_base/msp430/include" --include_path="D:/CCS6.1.0.00104_win32/CCS/ccsv6/tools/compiler/ti-cgt-msp430_4.4.3/include" --include_path="D:/CCS6.1.0.00104_win32/workspace/timer_a_ex6_upDownModeOperation/driverlib/MSP430F5xx_6xx" --advice:power="none" -g --define=__MSP430F5529__ --define=DEPRECATED --diag_warning=225 --display_error_number --diag_wrap=off --silicon_errata=CPU21 --silicon_errata=CPU22 --silicon_errata=CPU23 --silicon_errata=CPU40 --printf_support=minimal --preproc_with_compile --preproc_dependency="driverlib/MSP430F5xx_6xx/timer_d.pp" --obj_directory="driverlib/MSP430F5xx_6xx"  "../driverlib/MSP430F5xx_6xx/timer_d.c"
'Finished building: ../driverlib/MSP430F5xx_6xx/timer_d.c'
' '
'Building file: ../driverlib/MSP430F5xx_6xx/tlv.c'
'Invoking: MSP430 Compiler'
"D:/CCS6.1.0.00104_win32/CCS/ccsv6/tools/compiler/ti-cgt-msp430_4.4.3/bin/cl430" -vmspx --abi=eabi --data_model=restricted --use_hw_mpy=F5 --include_path="D:/CCS6.1.0.00104_win32/CCS/ccsv6/ccs_base/msp430/include" --include_path="D:/CCS6.1.0.00104_win32/CCS/ccsv6/tools/compiler/ti-cgt-msp430_4.4.3/include" --include_path="D:/CCS6.1.0.00104_win32/workspace/timer_a_ex6_upDownModeOperation/driverlib/MSP430F5xx_6xx" --advice:power="none" -g --define=__MSP430F5529__ --define=DEPRECATED --diag_warning=225 --display_error_number --diag_wrap=off --silicon_errata=CPU21 --silicon_errata=CPU22 --silicon_errata=CPU23 --silicon_errata=CPU40 --printf_support=minimal --preproc_with_compile --preproc_dependency="driverlib/MSP430F5xx_6xx/tlv.pp" --obj_directory="driverlib/MSP430F5xx_6xx"  "../driverlib/MSP430F5xx_6xx/tlv.c"
'Finished building: ../driverlib/MSP430F5xx_6xx/tlv.c'
' '
'Building file: ../driverlib/MSP430F5xx_6xx/ucs.c'
'Invoking: MSP430 Compiler'
"D:/CCS6.1.0.00104_win32/CCS/ccsv6/tools/compiler/ti-cgt-msp430_4.4.3/bin/cl430" -vmspx --abi=eabi --data_model=restricted --use_hw_mpy=F5 --include_path="D:/CCS6.1.0.00104_win32/CCS/ccsv6/ccs_base/msp430/include" --include_path="D:/CCS6.1.0.00104_win32/CCS/ccsv6/tools/compiler/ti-cgt-msp430_4.4.3/include" --include_path="D:/CCS6.1.0.00104_win32/workspace/timer_a_ex6_upDownModeOperation/driverlib/MSP430F5xx_6xx" --advice:power="none" -g --define=__MSP430F5529__ --define=DEPRECATED --diag_warning=225 --display_error_number --diag_wrap=off --silicon_errata=CPU21 --silicon_errata=CPU22 --silicon_errata=CPU23 --silicon_errata=CPU40 --printf_support=minimal --preproc_with_compile --preproc_dependency="driverlib/MSP430F5xx_6xx/ucs.pp" --obj_directory="driverlib/MSP430F5xx_6xx"  "../driverlib/MSP430F5xx_6xx/ucs.c"
'Finished building: ../driverlib/MSP430F5xx_6xx/ucs.c'
' '
'Building file: ../driverlib/MSP430F5xx_6xx/usci_a_spi.c'
'Invoking: MSP430 Compiler'
"D:/CCS6.1.0.00104_win32/CCS/ccsv6/tools/compiler/ti-cgt-msp430_4.4.3/bin/cl430" -vmspx --abi=eabi --data_model=restricted --use_hw_mpy=F5 --include_path="D:/CCS6.1.0.00104_win32/CCS/ccsv6/ccs_base/msp430/include" --include_path="D:/CCS6.1.0.00104_win32/CCS/ccsv6/tools/compiler/ti-cgt-msp430_4.4.3/include" --include_path="D:/CCS6.1.0.00104_win32/workspace/timer_a_ex6_upDownModeOperation/driverlib/MSP430F5xx_6xx" --advice:power="none" -g --define=__MSP430F5529__ --define=DEPRECATED --diag_warning=225 --display_error_number --diag_wrap=off --silicon_errata=CPU21 --silicon_errata=CPU22 --silicon_errata=CPU23 --silicon_errata=CPU40 --printf_support=minimal --preproc_with_compile --preproc_dependency="driverlib/MSP430F5xx_6xx/usci_a_spi.pp" --obj_directory="driverlib/MSP430F5xx_6xx"  "../driverlib/MSP430F5xx_6xx/usci_a_spi.c"
'Finished building: ../driverlib/MSP430F5xx_6xx/usci_a_spi.c'
' '
'Building file: ../driverlib/MSP430F5xx_6xx/usci_a_uart.c'
'Invoking: MSP430 Compiler'
"D:/CCS6.1.0.00104_win32/CCS/ccsv6/tools/compiler/ti-cgt-msp430_4.4.3/bin/cl430" -vmspx --abi=eabi --data_model=restricted --use_hw_mpy=F5 --include_path="D:/CCS6.1.0.00104_win32/CCS/ccsv6/ccs_base/msp430/include" --include_path="D:/CCS6.1.0.00104_win32/CCS/ccsv6/tools/compiler/ti-cgt-msp430_4.4.3/include" --include_path="D:/CCS6.1.0.00104_win32/workspace/timer_a_ex6_upDownModeOperation/driverlib/MSP430F5xx_6xx" --advice:power="none" -g --define=__MSP430F5529__ --define=DEPRECATED --diag_warning=225 --display_error_number --diag_wrap=off --silicon_errata=CPU21 --silicon_errata=CPU22 --silicon_errata=CPU23 --silicon_errata=CPU40 --printf_support=minimal --preproc_with_compile --preproc_dependency="driverlib/MSP430F5xx_6xx/usci_a_uart.pp" --obj_directory="driverlib/MSP430F5xx_6xx"  "../driverlib/MSP430F5xx_6xx/usci_a_uart.c"
'Finished building: ../driverlib/MSP430F5xx_6xx/usci_a_uart.c'
' '
'Building file: ../driverlib/MSP430F5xx_6xx/usci_b_i2c.c'
'Invoking: MSP430 Compiler'
"D:/CCS6.1.0.00104_win32/CCS/ccsv6/tools/compiler/ti-cgt-msp430_4.4.3/bin/cl430" -vmspx --abi=eabi --data_model=restricted --use_hw_mpy=F5 --include_path="D:/CCS6.1.0.00104_win32/CCS/ccsv6/ccs_base/msp430/include" --include_path="D:/CCS6.1.0.00104_win32/CCS/ccsv6/tools/compiler/ti-cgt-msp430_4.4.3/include" --include_path="D:/CCS6.1.0.00104_win32/workspace/timer_a_ex6_upDownModeOperation/driverlib/MSP430F5xx_6xx" --advice:power="none" -g --define=__MSP430F5529__ --define=DEPRECATED --diag_warning=225 --display_error_number --diag_wrap=off --silicon_errata=CPU21 --silicon_errata=CPU22 --silicon_errata=CPU23 --silicon_errata=CPU40 --printf_support=minimal --preproc_with_compile --preproc_dependency="driverlib/MSP430F5xx_6xx/usci_b_i2c.pp" --obj_directory="driverlib/MSP430F5xx_6xx"  "../driverlib/MSP430F5xx_6xx/usci_b_i2c.c"
'Finished building: ../driverlib/MSP430F5xx_6xx/usci_b_i2c.c'
' '
'Building file: ../driverlib/MSP430F5xx_6xx/usci_b_spi.c'
'Invoking: MSP430 Compiler'
"D:/CCS6.1.0.00104_win32/CCS/ccsv6/tools/compiler/ti-cgt-msp430_4.4.3/bin/cl430" -vmspx --abi=eabi --data_model=restricted --use_hw_mpy=F5 --include_path="D:/CCS6.1.0.00104_win32/CCS/ccsv6/ccs_base/msp430/include" --include_path="D:/CCS6.1.0.00104_win32/CCS/ccsv6/tools/compiler/ti-cgt-msp430_4.4.3/include" --include_path="D:/CCS6.1.0.00104_win32/workspace/timer_a_ex6_upDownModeOperation/driverlib/MSP430F5xx_6xx" --advice:power="none" -g --define=__MSP430F5529__ --define=DEPRECATED --diag_warning=225 --display_error_number --diag_wrap=off --silicon_errata=CPU21 --silicon_errata=CPU22 --silicon_errata=CPU23 --silicon_errata=CPU40 --printf_support=minimal --preproc_with_compile --preproc_dependency="driverlib/MSP430F5xx_6xx/usci_b_spi.pp" --obj_directory="driverlib/MSP430F5xx_6xx"  "../driverlib/MSP430F5xx_6xx/usci_b_spi.c"
'Finished building: ../driverlib/MSP430F5xx_6xx/usci_b_spi.c'
' '
'Building file: ../driverlib/MSP430F5xx_6xx/wdt_a.c'
'Invoking: MSP430 Compiler'
"D:/CCS6.1.0.00104_win32/CCS/ccsv6/tools/compiler/ti-cgt-msp430_4.4.3/bin/cl430" -vmspx --abi=eabi --data_model=restricted --use_hw_mpy=F5 --include_path="D:/CCS6.1.0.00104_win32/CCS/ccsv6/ccs_base/msp430/include" --include_path="D:/CCS6.1.0.00104_win32/CCS/ccsv6/tools/compiler/ti-cgt-msp430_4.4.3/include" --include_path="D:/CCS6.1.0.00104_win32/workspace/timer_a_ex6_upDownModeOperation/driverlib/MSP430F5xx_6xx" --advice:power="none" -g --define=__MSP430F5529__ --define=DEPRECATED --diag_warning=225 --display_error_number --diag_wrap=off --silicon_errata=CPU21 --silicon_errata=CPU22 --silicon_errata=CPU23 --silicon_errata=CPU40 --printf_support=minimal --preproc_with_compile --preproc_dependency="driverlib/MSP430F5xx_6xx/wdt_a.pp" --obj_directory="driverlib/MSP430F5xx_6xx"  "../driverlib/MSP430F5xx_6xx/wdt_a.c"
'Finished building: ../driverlib/MSP430F5xx_6xx/wdt_a.c'
' '
'Building target: timer_a_ex6_upDownModeOperation.out'
'Invoking: MSP430 Linker'
"D:/CCS6.1.0.00104_win32/CCS/ccsv6/tools/compiler/ti-cgt-msp430_4.4.3/bin/cl430" -vmspx --abi=eabi --data_model=restricted --use_hw_mpy=F5 --advice:power="none" -g --define=__MSP430F5529__ --define=DEPRECATED --diag_warning=225 --display_error_number --diag_wrap=off --silicon_errata=CPU21 --silicon_errata=CPU22 --silicon_errata=CPU23 --silicon_errata=CPU40 --printf_support=minimal -z -m"timer_a_ex6_upDownModeOperation.map" --heap_size=160 --stack_size=160 --cinit_hold_wdt=on -i"D:/CCS6.1.0.00104_win32/CCS/ccsv6/ccs_base/msp430/include" -i"D:/CCS6.1.0.00104_win32/CCS/ccsv6/tools/compiler/ti-cgt-msp430_4.4.3/lib" -i"D:/CCS6.1.0.00104_win32/CCS/ccsv6/tools/compiler/ti-cgt-msp430_4.4.3/include" -i"D:/CCS6.1.0.00104_win32/CCS/ccsv6/ccs_base/msp430/lib/5xx_6xx_FRxx" --reread_libs --warn_sections --display_error_number --diag_wrap=off --xml_link_info="timer_a_ex6_upDownModeOperation_linkInfo.xml" --use_hw_mpy=F5 --rom_model -o "timer_a_ex6_upDownModeOperation.out" "./timer_a_ex6_upDownModeOperation.obj" "./driverlib/MSP430F5xx_6xx/adc10_a.obj" "./driverlib/MSP430F5xx_6xx/adc12_a.obj" "./driverlib/MSP430F5xx_6xx/aes.obj" "./driverlib/MSP430F5xx_6xx/battbak.obj" "./driverlib/MSP430F5xx_6xx/comp_b.obj" "./driverlib/MSP430F5xx_6xx/crc.obj" "./driverlib/MSP430F5xx_6xx/ctsd16.obj" "./driverlib/MSP430F5xx_6xx/dac12_a.obj" "./driverlib/MSP430F5xx_6xx/dma.obj" "./driverlib/MSP430F5xx_6xx/eusci_a_spi.obj" "./driverlib/MSP430F5xx_6xx/eusci_a_uart.obj" "./driverlib/MSP430F5xx_6xx/eusci_b_i2c.obj" "./driverlib/MSP430F5xx_6xx/eusci_b_spi.obj" "./driverlib/MSP430F5xx_6xx/flashctl.obj" "./driverlib/MSP430F5xx_6xx/gpio.obj" "./driverlib/MSP430F5xx_6xx/lcd_b.obj" "./driverlib/MSP430F5xx_6xx/lcd_c.obj" "./driverlib/MSP430F5xx_6xx/ldopwr.obj" "./driverlib/MSP430F5xx_6xx/mpy32.obj" "./driverlib/MSP430F5xx_6xx/oa.obj" "./driverlib/MSP430F5xx_6xx/pmap.obj" "./driverlib/MSP430F5xx_6xx/pmm.obj" "./driverlib/MSP430F5xx_6xx/ram.obj" "./driverlib/MSP430F5xx_6xx/ref.obj" "./driverlib/MSP430F5xx_6xx/rtc_a.obj" "./driverlib/MSP430F5xx_6xx/rtc_b.obj" "./driverlib/MSP430F5xx_6xx/rtc_c.obj" "./driverlib/MSP430F5xx_6xx/sd24_b.obj" "./driverlib/MSP430F5xx_6xx/sfr.obj" "./driverlib/MSP430F5xx_6xx/sysctl.obj" "./driverlib/MSP430F5xx_6xx/tec.obj" "./driverlib/MSP430F5xx_6xx/timer_a.obj" "./driverlib/MSP430F5xx_6xx/timer_b.obj" "./driverlib/MSP430F5xx_6xx/timer_d.obj" "./driverlib/MSP430F5xx_6xx/tlv.obj" "./driverlib/MSP430F5xx_6xx/ucs.obj" "./driverlib/MSP430F5xx_6xx/usci_a_spi.obj" "./driverlib/MSP430F5xx_6xx/usci_a_uart.obj" "./driverlib/MSP430F5xx_6xx/usci_b_i2c.obj" "./driverlib/MSP430F5xx_6xx/usci_b_spi.obj" "./driverlib/MSP430F5xx_6xx/wdt_a.obj" "../lnk_msp430f5529.cmd"  -l"libmath.a" -l"libc.a" 
<Linking>
'Finished building target: timer_a_ex6_upDownModeOperation.out'
' '

**** Build Finished ****
